<?xml version="1.0" encoding="UTF-8"?>
<!-- Generated by org.testng.reporters.JUnitXMLReporter -->
<testsuite hostname="AADHAR-L-PC13" ignored="0" name="Command line test" tests="3" failures="0" timestamp="2021-02-17T16:54:20 IST" time="23.807" errors="0">
  <testcase name="verifyLogOut" time="4.746" classname="com.qa.sut.testClasses.HomeTest"/>
  <testcase name="verifyPageTitle" time="0.012" classname="com.qa.sut.testClasses.LoginTest"/>
  <testcase name="verifyLogin" time="5.158" classname="com.qa.sut.testClasses.LoginTest"/>
</testsuite> <!-- Command line test -->
