<?xml version="1.0" encoding="UTF-8"?>
<testng-results skipped="0" failed="0" ignored="0" total="2" passed="2">
  <reporter-output>
  </reporter-output>
  <suite name="Suite" duration-ms="11807" started-at="2021-02-17T16:27:27 IST" finished-at="2021-02-17T16:27:39 IST">
    <groups>
    </groups>
    <test name="Test" duration-ms="11807" started-at="2021-02-17T16:27:27 IST" finished-at="2021-02-17T16:27:39 IST">
      <class name="com.qa.sut.testClasses.LoginTest">
        <test-method status="PASS" signature="launchBrowser()[pri:0, instance:com.qa.sut.testClasses.LoginTest@47db50c5]" name="launchBrowser" is-config="true" duration-ms="7060" started-at="2021-02-17T16:27:27 IST" finished-at="2021-02-17T16:27:34 IST">
          <reporter-output>
          </reporter-output>
        </test-method> <!-- launchBrowser -->
        <test-method status="PASS" signature="verifyPageTitle()[pri:0, instance:com.qa.sut.testClasses.LoginTest@47db50c5]" name="verifyPageTitle" duration-ms="12" started-at="2021-02-17T16:27:34 IST" finished-at="2021-02-17T16:27:34 IST">
          <reporter-output>
          </reporter-output>
        </test-method> <!-- verifyPageTitle -->
        <test-method status="PASS" signature="verifyLogin()[pri:1, instance:com.qa.sut.testClasses.LoginTest@47db50c5]" name="verifyLogin" duration-ms="4583" started-at="2021-02-17T16:27:34 IST" finished-at="2021-02-17T16:27:39 IST">
          <reporter-output>
          </reporter-output>
        </test-method> <!-- verifyLogin -->
        <test-method status="PASS" signature="closeBrowser()[pri:0, instance:com.qa.sut.testClasses.LoginTest@47db50c5]" name="closeBrowser" is-config="true" duration-ms="104" started-at="2021-02-17T16:27:39 IST" finished-at="2021-02-17T16:27:39 IST">
          <reporter-output>
          </reporter-output>
        </test-method> <!-- closeBrowser -->
      </class> <!-- com.qa.sut.testClasses.LoginTest -->
    </test> <!-- Test -->
  </suite> <!-- Suite -->
</testng-results>
